c:\users\ryan\source\repos\carparksurveillance\carparksurveillance\carparksurveillance\x64\debug\vc140.pdb
c:\users\ryan\source\repos\carparksurveillance\carparksurveillance\carparksurveillance\x64\debug\vc140.idb
c:\users\ryan\source\repos\carparksurveillance\carparksurveillance\carparksurveillance\x64\debug\adaptivebackgroundlearning.obj
c:\users\ryan\source\repos\carparksurveillance\carparksurveillance\carparksurveillance\x64\debug\blob.obj
c:\users\ryan\source\repos\carparksurveillance\carparksurveillance\carparksurveillance\x64\debug\carparksurveillance.obj
c:\users\ryan\source\repos\carparksurveillance\carparksurveillance\carparksurveillance\x64\debug\carparktrackexporter.obj
c:\users\ryan\source\repos\carparksurveillance\carparksurveillance\carparksurveillance\x64\debug\classification.obj
c:\users\ryan\source\repos\carparksurveillance\carparksurveillance\carparksurveillance\x64\debug\framedifferencebgs.obj
c:\users\ryan\source\repos\carparksurveillance\carparksurveillance\carparksurveillance\x64\debug\logger.obj
c:\users\ryan\source\repos\carparksurveillance\carparksurveillance\carparksurveillance\x64\debug\sqlitemanager.obj
c:\users\ryan\source\repos\carparksurveillance\carparksurveillance\carparksurveillance\x64\debug\switches.obj
c:\users\ryan\source\repos\carparksurveillance\carparksurveillance\carparksurveillance\x64\debug\trajectory.obj
c:\users\ryan\source\repos\carparksurveillance\carparksurveillance\carparksurveillance\x64\debug\nightmare.obj
c:\users\ryan\source\repos\carparksurveillance\carparksurveillance\carparksurveillance\x64\debug\normalization_layer.obj
c:\users\ryan\source\repos\carparksurveillance\carparksurveillance\carparksurveillance\x64\debug\option_list.obj
c:\users\ryan\source\repos\carparksurveillance\carparksurveillance\carparksurveillance\x64\debug\parser.obj
c:\users\ryan\source\repos\carparksurveillance\carparksurveillance\carparksurveillance\x64\debug\region_layer.obj
c:\users\ryan\source\repos\carparksurveillance\carparksurveillance\carparksurveillance\x64\debug\reorg_layer.obj
c:\users\ryan\source\repos\carparksurveillance\carparksurveillance\carparksurveillance\x64\debug\rnn.obj
c:\users\ryan\source\repos\carparksurveillance\carparksurveillance\carparksurveillance\x64\debug\rnn_layer.obj
c:\users\ryan\source\repos\carparksurveillance\carparksurveillance\carparksurveillance\x64\debug\rnn_vid.obj
c:\users\ryan\source\repos\carparksurveillance\carparksurveillance\carparksurveillance\x64\debug\route_layer.obj
c:\users\ryan\source\repos\carparksurveillance\carparksurveillance\carparksurveillance\x64\debug\shortcut_layer.obj
c:\users\ryan\source\repos\carparksurveillance\carparksurveillance\carparksurveillance\x64\debug\softmax_layer.obj
c:\users\ryan\source\repos\carparksurveillance\carparksurveillance\carparksurveillance\x64\debug\super.obj
c:\users\ryan\source\repos\carparksurveillance\carparksurveillance\carparksurveillance\x64\debug\swag.obj
c:\users\ryan\source\repos\carparksurveillance\carparksurveillance\carparksurveillance\x64\debug\tag.obj
c:\users\ryan\source\repos\carparksurveillance\carparksurveillance\carparksurveillance\x64\debug\tree.obj
c:\users\ryan\source\repos\carparksurveillance\carparksurveillance\carparksurveillance\x64\debug\utils.obj
c:\users\ryan\source\repos\carparksurveillance\carparksurveillance\carparksurveillance\x64\debug\voxel.obj
c:\users\ryan\source\repos\carparksurveillance\carparksurveillance\carparksurveillance\x64\debug\writing.obj
c:\users\ryan\source\repos\carparksurveillance\carparksurveillance\carparksurveillance\x64\debug\yolo.obj
c:\users\ryan\source\repos\carparksurveillance\carparksurveillance\carparksurveillance\x64\debug\data.obj
c:\users\ryan\source\repos\carparksurveillance\carparksurveillance\carparksurveillance\x64\debug\deconvolutional_layer.obj
c:\users\ryan\source\repos\carparksurveillance\carparksurveillance\carparksurveillance\x64\debug\demo.obj
c:\users\ryan\source\repos\carparksurveillance\carparksurveillance\carparksurveillance\x64\debug\detection_layer.obj
c:\users\ryan\source\repos\carparksurveillance\carparksurveillance\carparksurveillance\x64\debug\detector.obj
c:\users\ryan\source\repos\carparksurveillance\carparksurveillance\carparksurveillance\x64\debug\dice.obj
c:\users\ryan\source\repos\carparksurveillance\carparksurveillance\carparksurveillance\x64\debug\dropout_layer.obj
c:\users\ryan\source\repos\carparksurveillance\carparksurveillance\carparksurveillance\x64\debug\gemm.obj
c:\users\ryan\source\repos\carparksurveillance\carparksurveillance\carparksurveillance\x64\debug\getopt.obj
c:\users\ryan\source\repos\carparksurveillance\carparksurveillance\carparksurveillance\x64\debug\gettimeofday.obj
c:\users\ryan\source\repos\carparksurveillance\carparksurveillance\carparksurveillance\x64\debug\go.obj
c:\users\ryan\source\repos\carparksurveillance\carparksurveillance\carparksurveillance\x64\debug\gru_layer.obj
c:\users\ryan\source\repos\carparksurveillance\carparksurveillance\carparksurveillance\x64\debug\im2col.obj
c:\users\ryan\source\repos\carparksurveillance\carparksurveillance\carparksurveillance\x64\debug\image.obj
c:\users\ryan\source\repos\carparksurveillance\carparksurveillance\carparksurveillance\x64\debug\layer.obj
c:\users\ryan\source\repos\carparksurveillance\carparksurveillance\carparksurveillance\x64\debug\list.obj
c:\users\ryan\source\repos\carparksurveillance\carparksurveillance\carparksurveillance\x64\debug\local_layer.obj
c:\users\ryan\source\repos\carparksurveillance\carparksurveillance\carparksurveillance\x64\debug\matrix.obj
c:\users\ryan\source\repos\carparksurveillance\carparksurveillance\carparksurveillance\x64\debug\maxpool_layer.obj
c:\users\ryan\source\repos\carparksurveillance\carparksurveillance\carparksurveillance\x64\debug\network.obj
c:\users\ryan\source\repos\carparksurveillance\carparksurveillance\carparksurveillance\x64\debug\activation_layer.obj
c:\users\ryan\source\repos\carparksurveillance\carparksurveillance\carparksurveillance\x64\debug\art.obj
c:\users\ryan\source\repos\carparksurveillance\carparksurveillance\carparksurveillance\x64\debug\avgpool_layer.obj
c:\users\ryan\source\repos\carparksurveillance\carparksurveillance\carparksurveillance\x64\debug\batchnorm_layer.obj
c:\users\ryan\source\repos\carparksurveillance\carparksurveillance\carparksurveillance\x64\debug\blas.obj
c:\users\ryan\source\repos\carparksurveillance\carparksurveillance\carparksurveillance\x64\debug\box.obj
c:\users\ryan\source\repos\carparksurveillance\carparksurveillance\carparksurveillance\x64\debug\captcha.obj
c:\users\ryan\source\repos\carparksurveillance\carparksurveillance\carparksurveillance\x64\debug\cifar.obj
c:\users\ryan\source\repos\carparksurveillance\carparksurveillance\carparksurveillance\x64\debug\classifier.obj
c:\users\ryan\source\repos\carparksurveillance\carparksurveillance\carparksurveillance\x64\debug\coco.obj
c:\users\ryan\source\repos\carparksurveillance\carparksurveillance\carparksurveillance\x64\debug\col2im.obj
c:\users\ryan\source\repos\carparksurveillance\carparksurveillance\carparksurveillance\x64\debug\compare.obj
c:\users\ryan\source\repos\carparksurveillance\carparksurveillance\carparksurveillance\x64\debug\connected_layer.obj
c:\users\ryan\source\repos\carparksurveillance\carparksurveillance\carparksurveillance\x64\debug\convolutional_layer.obj
c:\users\ryan\source\repos\carparksurveillance\carparksurveillance\carparksurveillance\x64\debug\cost_layer.obj
c:\users\ryan\source\repos\carparksurveillance\carparksurveillance\carparksurveillance\x64\debug\cpu_gemm.obj
c:\users\ryan\source\repos\carparksurveillance\carparksurveillance\carparksurveillance\x64\debug\crnn_layer.obj
c:\users\ryan\source\repos\carparksurveillance\carparksurveillance\carparksurveillance\x64\debug\crop_layer.obj
c:\users\ryan\source\repos\carparksurveillance\carparksurveillance\carparksurveillance\x64\debug\cuda.obj
c:\users\ryan\source\repos\carparksurveillance\carparksurveillance\carparksurveillance\x64\debug\darknet.obj
c:\users\ryan\source\repos\carparksurveillance\carparksurveillance\carparksurveillance\x64\debug\sqlite3.obj
c:\users\ryan\source\repos\carparksurveillance\carparksurveillance\carparksurveillance\x64\debug\activations.obj
c:\users\ryan\source\repos\carparksurveillance\carparksurveillance\x64\debug\carparksurveillance.ilk
c:\users\ryan\source\repos\carparksurveillance\carparksurveillance\x64\debug\carparksurveillance.exe
c:\users\ryan\source\repos\carparksurveillance\carparksurveillance\x64\debug\carparksurveillance.pdb
c:\users\ryan\source\repos\carparksurveillance\carparksurveillance\carparksurveillance\x64\debug\activation_kernels.cu.cache
c:\users\ryan\source\repos\carparksurveillance\carparksurveillance\carparksurveillance\x64\debug\avgpool_layer_kernels.cu.cache
c:\users\ryan\source\repos\carparksurveillance\carparksurveillance\carparksurveillance\x64\debug\blas_kernels.cu.cache
c:\users\ryan\source\repos\carparksurveillance\carparksurveillance\carparksurveillance\x64\debug\col2im_kernels.cu.cache
c:\users\ryan\source\repos\carparksurveillance\carparksurveillance\carparksurveillance\x64\debug\convolutional_kernels.cu.cache
c:\users\ryan\source\repos\carparksurveillance\carparksurveillance\carparksurveillance\x64\debug\crop_layer_kernels.cu.cache
c:\users\ryan\source\repos\carparksurveillance\carparksurveillance\carparksurveillance\x64\debug\deconvolutional_kernels.cu.cache
c:\users\ryan\source\repos\carparksurveillance\carparksurveillance\carparksurveillance\x64\debug\dropout_layer_kernels.cu.cache
c:\users\ryan\source\repos\carparksurveillance\carparksurveillance\carparksurveillance\x64\debug\im2col_kernels.cu.cache
c:\users\ryan\source\repos\carparksurveillance\carparksurveillance\carparksurveillance\x64\debug\maxpool_layer_kernels.cu.cache
c:\users\ryan\source\repos\carparksurveillance\carparksurveillance\carparksurveillance\x64\debug\network_kernels.cu.cache
c:\users\ryan\source\repos\carparksurveillance\carparksurveillance\carparksurveillance\x64\debug\activation_kernels.cu.obj
c:\users\ryan\source\repos\carparksurveillance\carparksurveillance\carparksurveillance\x64\debug\avgpool_layer_kernels.cu.obj
c:\users\ryan\source\repos\carparksurveillance\carparksurveillance\carparksurveillance\x64\debug\blas_kernels.cu.obj
c:\users\ryan\source\repos\carparksurveillance\carparksurveillance\carparksurveillance\x64\debug\col2im_kernels.cu.obj
c:\users\ryan\source\repos\carparksurveillance\carparksurveillance\carparksurveillance\x64\debug\convolutional_kernels.cu.obj
c:\users\ryan\source\repos\carparksurveillance\carparksurveillance\carparksurveillance\x64\debug\crop_layer_kernels.cu.obj
c:\users\ryan\source\repos\carparksurveillance\carparksurveillance\carparksurveillance\x64\debug\deconvolutional_kernels.cu.obj
c:\users\ryan\source\repos\carparksurveillance\carparksurveillance\carparksurveillance\x64\debug\dropout_layer_kernels.cu.obj
c:\users\ryan\source\repos\carparksurveillance\carparksurveillance\carparksurveillance\x64\debug\im2col_kernels.cu.obj
c:\users\ryan\source\repos\carparksurveillance\carparksurveillance\carparksurveillance\x64\debug\maxpool_layer_kernels.cu.obj
c:\users\ryan\source\repos\carparksurveillance\carparksurveillance\carparksurveillance\x64\debug\network_kernels.cu.obj
c:\users\ryan\source\repos\carparksurveillance\carparksurveillance\carparksurveillance\x64\debug\blob.obj.enc
c:\users\ryan\source\repos\carparksurveillance\carparksurveillance\carparksurveillance\x64\debug\carparksurveillance.obj.enc
c:\users\ryan\source\repos\carparksurveillance\carparksurveillance\carparksurveillance\x64\debug\carparks.ec4c1eea.tlog\cl.command.1.tlog
c:\users\ryan\source\repos\carparksurveillance\carparksurveillance\carparksurveillance\x64\debug\carparks.ec4c1eea.tlog\cl.read.1.tlog
c:\users\ryan\source\repos\carparksurveillance\carparksurveillance\carparksurveillance\x64\debug\carparks.ec4c1eea.tlog\cl.write.1.tlog
c:\users\ryan\source\repos\carparksurveillance\carparksurveillance\carparksurveillance\x64\debug\carparks.ec4c1eea.tlog\link.command.1.tlog
c:\users\ryan\source\repos\carparksurveillance\carparksurveillance\carparksurveillance\x64\debug\carparks.ec4c1eea.tlog\link.read.1.tlog
c:\users\ryan\source\repos\carparksurveillance\carparksurveillance\carparksurveillance\x64\debug\carparks.ec4c1eea.tlog\link.write.1.tlog
