Start of job: 12:37:43
CarParkTrackExporter()
=-=-=-=-=-=-=-=-=-=-=-=-=-=-=-=-=-=-=-=-=-=
|              S H E R L O C K            =
=-=-=-=-=-=-=-=-=-=-=-=-=-=-=-=-=-=-=-=-=-=
|  Kindly select program options:         |
|  1) Recovery Mode                       |
|  2) State Extraction (Batch)            |
|  3) Trajectory Grouping (Batch)         |
|  4) Debugging Mode                      |
|                                         |
=-=-=-=-=-=-=-=-=-=-=-=-=-=-=-=-=-=-=-=-=-=
Program options: DBSurveillance.db: DB tables dropped & created
Initialized DB tables
AdaptiveBackgroundLearning()
FrameDifferenceBGS()
1755 1691 1752 1748 1644 1623 1482 1557 1516 1457 1280 
1081 918 943 910 967 1020 939 845 871 1034 
792 713 725 716 734 688 643 668 625 
457 445 436 428 456 283 262 338 
287 319 312 340 263 285 
test1
Please enter processing date (CCYYMMDD): Please enter number of processing dates: < !!!!!!!!!!!!!!!!!!!!!!!!!!!!!!!!!!!!!!!!!!!!!!!!!!!!!!!!!!!!!!!!!!!!! >

@ Processing # of dates: 1
1: 20161018
< !!!!!!!!!!!!!!!!!!!!!!!!!!!!!!!!!!!!!!!!!!!!!!!!!!!!!!!!!!!!!!!!!!!!! >
100 files were found:
1: D:\Videos Database\Carpark Data\20161018\c2\20161018_083000.mp4
Press Enter to continue: --- [Creating new GlobalClass instance]---
Processing file: D:\Videos Database\Carpark Data\20161018\c2\20161018_083000.mp4
prediction: 1
Enter : 1
Exit : 4
Deleting : 1
A: highMatchCounter : 582, highMatch : 0zoneAlot[highMatch].countNZero * 0.6 : 877.5
B: highMatchCounter : 336, highMatch : 4zoneAlot[highMatch].countNZero * 0.6 : 483.5
E: highMatchCounter : 0, highMatch : 0zoneAlot[highMatch].countNZero * 0.6 : 143.5
Deleting : 0
Deleting : 0
Deleting : 0
Deleting : 0
Deleting : 0
Deleting : 0
Deleting : 0
Deleting : 0
A: highMatchCounter : 855, highMatch : 1zoneAlot[highMatch].countNZero * 0.6 : 845.5
matching parked car : Lot A
A: highMatchCounter : 278, highMatch : 8zoneAlot[highMatch].countNZero * 0.6 : 758
Deleting : 0
Deleting : 0
Deleting : 0
Deleting : 0
Deleting : 0
Deleting : 0
Deleting : 0
prediction: 1
Enter : 1
Exit : 4
prediction: 1
Enter : 1
Deleting : 2
Exit : 4
A: highMatchCounter : 387, highMatch : 7zoneAlot[highMatch].countNZero * 0.6 : 778.5
D: highMatchCounter : 456, highMatch : 4zoneAlot[highMatch].countNZero * 0.6 : 228
matching parked car : Lot D
Deleting : 3
Deleting : 0
Deleting : 0
Deleting : 0
Deleting : 0
Deleting : 0
Deleting : 0
Deleting : 0
prediction: 1
Enter : 1
Exit : 4
Deleting : 4
Enter : 3
D: highMatchCounter : 304, highMatch : 4zoneAlot[highMatch].countNZero * 0.6 : 228
matching parked car : Lot D
Deleting : 0
Deleting : 0
Deleting : 0
Deleting : 0
Deleting : 0
Deleting : 0
prediction: 1
Park - Vehicle 5Lot C2
Deleting : 0
prediction: 1
Leaving car park - Vehicle 5Lot C2
Add to Miss Match State: 5
Deleting : 5
Enter : 3
Exit : 2
Deleting : 6
C: highMatchCounter : 488, highMatch : 6zoneAlot[highMatch].countNZero * 0.6 : 321.5
matching parked car : Lot C
E: highMatchCounter : 189, highMatch : 5zoneAlot[highMatch].countNZero * 0.6 : 142.5
matching parked car : Lot E
Deleting : 0
Deleting : 0
Deleting : 0
Deleting : 0
Deleting : 0
Deleting : 0
prediction: 1
Enter : 1
prediction: 1
Park - Vehicle 5Lot C2
A: highMatchCounter : 474, highMatch : 0zoneAlot[highMatch].countNZero * 0.6 : 877.5
B: highMatchCounter : 797, highMatch : 6zoneAlot[highMatch].countNZero * 0.6 : 469.5
matching parked car : Lot B
C: highMatchCounter : 188, highMatch : 8zoneAlot[highMatch].countNZero * 0.6 : 312.5
Deleting : 5
Deleting : 0
Deleting : 0
Deleting : 0
Deleting : 0
Add to Miss Match State: 7
Deleting : 7
Deleting : 0
D: highMatchCounter : 120, highMatch : 0zoneAlot[highMatch].countNZero * 0.6 : 228.5
D: highMatchCounter : 210, highMatch : 4zoneAlot[highMatch].countNZero * 0.6 : 228
Deleting : 0
Deleting : 0
Deleting : 0
Deleting : 0
prediction: 1
vehicle 8 : leaving non tracking zone 1
prediction: 1
vehicle 8 : non tracking zone 1
Deleting : 8
prediction: 1
vehicle 7 : non tracking zone 1
Deleting : 7
prediction: 1
vehicle 8 : leaving non tracking zone 1
prediction: 0
prediction: 1
vehicle 8 : non tracking zone 1
Deleting : 8
C: highMatchCounter : 657, highMatch : 1zoneAlot[highMatch].countNZero * 0.6 : 356.5
matching parked car : Lot C
Deleting : 0
Deleting : 0
Add to Miss Match State: 9
Deleting : 9
prediction: 1
Enter : 1
prediction: 0
prediction: 0
prediction: 0
prediction: 0
prediction: 0
prediction: 1
Enter : 6
C: highMatchCounter : 603, highMatch : 1zoneAlot[highMatch].countNZero * 0.6 : 356.5
matching parked car : Lot C
prediction: 1
Leaving car park - Vehicle 5Lot C2
prediction: 1
Enter : 1
Exit : 5
(Matching) start: merge!
merged!
merge jor 12 + 5
(Matching) start: split!
diff 1 : 48.9021 diff 2 : 44.7452
diff 3 : 14.1925 diff 4 : 46.7828
this else
split jorrrrrrrrrrrrrrrrrrrrrrrrrrr
(Matching) start: merge!
merged!
merge jor 11 + 12
(Matching) start: split!
diff 1 : 153.548 diff 2 : 20.7523
diff 3 : 73.2998 diff 4 : 61.1011
this else
split jorrrrrrrrrrrrrrrrrrrrrrrrrrr
(Matching) start: merge!
merged!
merge jor 5 + 11
(Matching) start: split!
diff 1 : 56.2067 diff 2 : 71.8165
diff 3 : 51.7388 diff 4 : 154.339
this else
split jorrrrrrrrrrrrrrrrrrrrrrrrrrr
(Matching) start: merge!
merged!
merge jor 12 + 5
(Matching) start: merge!
merged!
merge jor 10 + 11
Exit : 4
Deleting : 0
Deleting : 11
Deleting : 10
prediction: 0
prediction: 0
prediction: 0
prediction: 0
prediction: 0
prediction: 0
prediction: 0
prediction: 0
prediction: 0
prediction: 1
Leaving car park - Vehicle 0DANGER ZONE-1
Exit : 4
Deleting : 13
prediction: 1
Enter : 1
prediction: 1
Park - Vehicle 9Lot B4
Deleting : 9
prediction: 1
Enter : 1
Exit : 4
prediction: 0
prediction: 0
prediction: 0
prediction: 0
prediction: 0
prediction: 0
prediction: 0
prediction: 0
prediction: 0
prediction: 0
end of video
EOF: Processing next video
clear blob memory 
2: D:\Videos Database\Carpark Data\20161018\c2\20161018_083600.mp4
Processing file: D:\Videos Database\Carpark Data\20161018\c2\20161018_083600.mp4
